<?xml version="1.0" encoding="UTF-8"?>
<!-- Generated by org.testng.reporters.JUnitXMLReporter -->
<testsuite ignored="2" hostname="DESKTOP-D5739PH" failures="0" tests="1" name="Default test" time="13856.208" errors="0" timestamp="27 Dec 2018 06:09:48 GMT">
  <testcase classname="com.demo.testcases.LoginPageTest" name="logingTest" time="13849.514"/>
  <testcase classname="com.demo.testcases.LoginPageTest" name="loginPageTitle" time="0.0">
    <ignored/>
  </testcase> <!-- loginPageTitle -->
  <testcase classname="com.demo.testcases.LoginPageTest" name="LogoimmageTest" time="0.0">
    <ignored/>
  </testcase> <!-- LogoimmageTest -->
</testsuite> <!-- Default test -->
