<?xml version="1.0" encoding="UTF-8"?>
<!-- Generated by org.testng.reporters.JUnitXMLReporter -->
<testsuite ignored="0" hostname="DESKTOP-D5739PH" failures="0" tests="4" name="Default test" time="33.429" errors="0" timestamp="28 Dec 2018 23:06:17 GMT">
  <testcase classname="com.demo.testcases.HomePageTest" name="verifyHomePageTitleTest" time="0.056"/>
  <testcase classname="com.demo.testcases.HomePageTest" name="verifyIncomeTodayFieldTest" time="0.123"/>
  <testcase classname="com.demo.testcases.HomePageTest" name="verifyExpenseTodayFieldTest" time="0.107"/>
  <testcase classname="com.demo.testcases.HomePageTest" name="verifyExpenseThisMonthFieldTest" time="0.108"/>
</testsuite> <!-- Default test -->
