<?xml version="1.0" encoding="UTF-8"?>
<testng-results ignored="0" total="4" passed="4" failed="0" skipped="0">
  <reporter-output>
  </reporter-output>
  <suite started-at="2018-12-28T23:05:43Z" name="Default suite" finished-at="2018-12-28T23:06:17Z" duration-ms="33429">
    <groups>
    </groups>
    <test started-at="2018-12-28T23:05:43Z" name="Default test" finished-at="2018-12-28T23:06:17Z" duration-ms="33429">
      <class name="com.demo.testcases.HomePageTest">
        <test-method is-config="true" signature="setUp()[pri:0, instance:com.demo.testcases.HomePageTest@6e509ffa]" started-at="2018-12-28T23:05:43Z" name="setUp" finished-at="2018-12-28T23:05:51Z" duration-ms="7778" status="PASS">
          <reporter-output>
          </reporter-output>
        </test-method> <!-- setUp -->
        <test-method signature="verifyHomePageTitleTest()[pri:1, instance:com.demo.testcases.HomePageTest@6e509ffa]" started-at="2018-12-28T23:05:51Z" name="verifyHomePageTitleTest" finished-at="2018-12-28T23:05:51Z" duration-ms="56" status="PASS">
          <reporter-output>
          </reporter-output>
        </test-method> <!-- verifyHomePageTitleTest -->
        <test-method is-config="true" signature="tearDown()[pri:0, instance:com.demo.testcases.HomePageTest@6e509ffa]" started-at="2018-12-28T23:05:51Z" name="tearDown" finished-at="2018-12-28T23:05:52Z" duration-ms="1289" status="PASS">
          <reporter-output>
          </reporter-output>
        </test-method> <!-- tearDown -->
        <test-method is-config="true" signature="setUp()[pri:0, instance:com.demo.testcases.HomePageTest@6e509ffa]" started-at="2018-12-28T23:05:52Z" name="setUp" finished-at="2018-12-28T23:06:00Z" duration-ms="7149" status="PASS">
          <reporter-output>
          </reporter-output>
        </test-method> <!-- setUp -->
        <test-method signature="verifyIncomeTodayFieldTest()[pri:2, instance:com.demo.testcases.HomePageTest@6e509ffa]" started-at="2018-12-28T23:06:00Z" name="verifyIncomeTodayFieldTest" finished-at="2018-12-28T23:06:00Z" duration-ms="123" status="PASS">
          <reporter-output>
          </reporter-output>
        </test-method> <!-- verifyIncomeTodayFieldTest -->
        <test-method is-config="true" signature="tearDown()[pri:0, instance:com.demo.testcases.HomePageTest@6e509ffa]" started-at="2018-12-28T23:06:00Z" name="tearDown" finished-at="2018-12-28T23:06:01Z" duration-ms="1241" status="PASS">
          <reporter-output>
          </reporter-output>
        </test-method> <!-- tearDown -->
        <test-method is-config="true" signature="setUp()[pri:0, instance:com.demo.testcases.HomePageTest@6e509ffa]" started-at="2018-12-28T23:06:01Z" name="setUp" finished-at="2018-12-28T23:06:08Z" duration-ms="6640" status="PASS">
          <reporter-output>
          </reporter-output>
        </test-method> <!-- setUp -->
        <test-method signature="verifyExpenseTodayFieldTest()[pri:3, instance:com.demo.testcases.HomePageTest@6e509ffa]" started-at="2018-12-28T23:06:08Z" name="verifyExpenseTodayFieldTest" finished-at="2018-12-28T23:06:08Z" duration-ms="107" status="PASS">
          <reporter-output>
          </reporter-output>
        </test-method> <!-- verifyExpenseTodayFieldTest -->
        <test-method is-config="true" signature="tearDown()[pri:0, instance:com.demo.testcases.HomePageTest@6e509ffa]" started-at="2018-12-28T23:06:08Z" name="tearDown" finished-at="2018-12-28T23:06:09Z" duration-ms="1028" status="PASS">
          <reporter-output>
          </reporter-output>
        </test-method> <!-- tearDown -->
        <test-method is-config="true" signature="setUp()[pri:0, instance:com.demo.testcases.HomePageTest@6e509ffa]" started-at="2018-12-28T23:06:09Z" name="setUp" finished-at="2018-12-28T23:06:15Z" duration-ms="6744" status="PASS">
          <reporter-output>
          </reporter-output>
        </test-method> <!-- setUp -->
        <test-method signature="verifyExpenseThisMonthFieldTest()[pri:4, instance:com.demo.testcases.HomePageTest@6e509ffa]" started-at="2018-12-28T23:06:15Z" name="verifyExpenseThisMonthFieldTest" finished-at="2018-12-28T23:06:16Z" duration-ms="108" status="PASS">
          <reporter-output>
          </reporter-output>
        </test-method> <!-- verifyExpenseThisMonthFieldTest -->
        <test-method is-config="true" signature="tearDown()[pri:0, instance:com.demo.testcases.HomePageTest@6e509ffa]" started-at="2018-12-28T23:06:16Z" name="tearDown" finished-at="2018-12-28T23:06:17Z" duration-ms="1120" status="PASS">
          <reporter-output>
          </reporter-output>
        </test-method> <!-- tearDown -->
      </class> <!-- com.demo.testcases.HomePageTest -->
    </test> <!-- Default test -->
  </suite> <!-- Default suite -->
</testng-results>
