<?xml version="1.0" encoding="UTF-8"?>
<testng-results ignored="2" total="3" passed="1" failed="0" skipped="0">
  <reporter-output>
  </reporter-output>
  <suite started-at="2018-12-27T02:18:52Z" name="Default suite" finished-at="2018-12-27T06:09:48Z" duration-ms="13856208">
    <groups>
    </groups>
    <test started-at="2018-12-27T02:18:52Z" name="Default test" finished-at="2018-12-27T06:09:48Z" duration-ms="13856208">
      <class name="com.demo.testcases.LoginPageTest">
        <test-method is-config="true" signature="setUp()[pri:0, instance:com.demo.testcases.LoginPageTest@48f278eb]" started-at="2018-12-27T02:18:52Z" name="setUp" finished-at="2018-12-27T02:18:57Z" duration-ms="5533" status="PASS">
          <reporter-output>
          </reporter-output>
        </test-method> <!-- setUp -->
        <test-method signature="logingTest()[pri:0, instance:com.demo.testcases.LoginPageTest@48f278eb]" started-at="2018-12-27T02:18:57Z" name="logingTest" finished-at="2018-12-27T06:09:47Z" duration-ms="13849514" status="PASS">
          <reporter-output>
          </reporter-output>
        </test-method> <!-- logingTest -->
        <test-method is-config="true" signature="tearDown()[pri:0, instance:com.demo.testcases.LoginPageTest@48f278eb]" started-at="2018-12-27T06:09:47Z" name="tearDown" finished-at="2018-12-27T06:09:48Z" duration-ms="1077" status="PASS">
          <reporter-output>
          </reporter-output>
        </test-method> <!-- tearDown -->
      </class> <!-- com.demo.testcases.LoginPageTest -->
    </test> <!-- Default test -->
  </suite> <!-- Default suite -->
</testng-results>
